<?xml version="1.0" encoding="UTF-8"?>
<!-- Generated by org.testng.reporters.JUnitXMLReporter -->
<testsuite ignored="1" hostname="MT-31195791H" failures="0" tests="1" name="Default test" time="21.523" errors="0" timestamp="2021-11-19T19:04:50 IST">
  <testcase classname="com.compri.testcases.FilterLH_TC" name="FilterSortLH" time="10.054"/>
  <testcase classname="com.compri.testcases.FilterLH_TC" name="FilterSortHL" time="0.0">
    <ignored/>
  </testcase> <!-- FilterSortHL -->
</testsuite> <!-- Default test -->
