<?xml version="1.0" encoding="UTF-8"?>
<!-- Generated by org.testng.reporters.JUnitXMLReporter -->
<testsuite ignored="5" hostname="MT-31195791H" failures="0" tests="11" name="Test" time="159.14" errors="0" timestamp="2021-11-17T22:19:17 IST">
  <testcase classname="com.compri.testcases.FilterLH_TC" name="FilterSortHL" time="11.781"/>
  <testcase classname="com.compri.testcases.FilterLH_TC" name="FilterSortLH" time="10.137"/>
  <testcase classname="com.compri.testcases.GiftCard_TC" name="GiftCardValidation" time="4.619"/>
  <testcase classname="com.compri.testcases.WishList_TC" name="WishListCart" time="29.412"/>
  <testcase classname="com.compri.testcases.ProductSearchVerify_TC" name="RelevantProductList" time="3.112"/>
  <testcase classname="com.compri.testcases.PostalCode_TC" name="PinCodeValidation" time="7.157"/>
  <testcase classname="com.compri.testcases.PostalCode_TC" name="PinCodeValidationN" time="9.663"/>
  <testcase classname="com.compri.testcases.SignIn_TC" name="LoginToStore" time="5.649"/>
  <testcase classname="com.compri.testcases.SignIn_TC" name="LoginToStoreN" time="5.301"/>
  <testcase classname="com.compri.testcases.SignIn_TC" name="LoginToStoreN" time="5.311"/>
  <testcase classname="com.compri.testcases.SignIn_TC" name="LoginToStoreN" time="5.333"/>
  <testcase classname="com.compri.pageobject.BaseClass" name="@BeforeSuite setUpSuite" time="0.0">
    <ignored/>
  </testcase> <!-- @BeforeSuite setUpSuite -->
  <testcase classname="com.compri.pageobject.BaseClass" name="@BeforeSuite setUpSuite" time="0.0">
    <ignored/>
  </testcase> <!-- @BeforeSuite setUpSuite -->
  <testcase classname="com.compri.pageobject.BaseClass" name="@BeforeSuite setUpSuite" time="0.0">
    <ignored/>
  </testcase> <!-- @BeforeSuite setUpSuite -->
  <testcase classname="com.compri.pageobject.BaseClass" name="@BeforeSuite setUpSuite" time="0.0">
    <ignored/>
  </testcase> <!-- @BeforeSuite setUpSuite -->
  <testcase classname="com.compri.pageobject.BaseClass" name="@BeforeSuite setUpSuite" time="0.0">
    <ignored/>
  </testcase> <!-- @BeforeSuite setUpSuite -->
</testsuite> <!-- Test -->
