<?xml version="1.0" encoding="UTF-8"?>
<testsuite xmlns:xsi="http://www.w3.org/2001/XMLSchema-instance" xsi:noNamespaceSchemaLocation="https://maven.apache.org/surefire/maven-surefire-plugin/xsd/surefire-test-report.xsd" name="TestSuite" time="3.489" tests="34" errors="0" skipped="28" failures="6">
  <properties>
[...]
</properties>
  <testcase name="setup" classname="com.compri.testcases.FilterLH_TC" time="2.939">
    <failure message="The driver executable does not exist: C:\Users\M1073102\Documents\Eclipse\hybrid\driver\chromedriver.exe" type="java.lang.IllegalStateException">java.lang.IllegalStateException: The driver executable does not exist: C:\Users\M1073102\Documents\Eclipse\hybrid\driver\chromedriver.exe
</failure>
  </testcase>
  <testcase name="FilterSortHL" classname="com.compri.testcases.FilterLH_TC" time="0">
    <skipped message="The driver executable does not exist: C:\Users\M1073102\Documents\Eclipse\hybrid\driver\chromedriver.exe"/>
  </testcase>
  <testcase name="tearDownMethod" classname="com.compri.testcases.FilterLH_TC" time="0">
    <skipped/>
  </testcase>
  <testcase name="tearDownMethod" classname="com.compri.testcases.FilterLH_TC" time="0">
    <skipped/>
  </testcase>
  <testcase name="FilterSortLH" classname="com.compri.testcases.FilterLH_TC" time="0">
    <skipped message="The driver executable does not exist: C:\Users\M1073102\Documents\Eclipse\hybrid\driver\chromedriver.exe"/>
  </testcase>
  <testcase name="teardown" classname="com.compri.testcases.FilterLH_TC" time="0">
    <skipped/>
  </testcase>
  <testcase name="setup" classname="com.compri.testcases.GiftCard_TC" time="0.009">
    <failure message="The driver executable does not exist: C:\Users\M1073102\Documents\Eclipse\hybrid\driver\chromedriver.exe" type="java.lang.IllegalStateException">java.lang.IllegalStateException: The driver executable does not exist: C:\Users\M1073102\Documents\Eclipse\hybrid\driver\chromedriver.exe
</failure>
  </testcase>
  <testcase name="GiftCardValidation" classname="com.compri.testcases.GiftCard_TC" time="0">
    <skipped message="The driver executable does not exist: C:\Users\M1073102\Documents\Eclipse\hybrid\driver\chromedriver.exe"/>
  </testcase>
  <testcase name="tearDownMethod" classname="com.compri.testcases.GiftCard_TC" time="0">
    <skipped/>
  </testcase>
  <testcase name="teardown" classname="com.compri.testcases.GiftCard_TC" time="0">
    <skipped/>
  </testcase>
  <testcase name="setup" classname="com.compri.testcases.WishList_TC" time="0.008">
    <failure message="The driver executable does not exist: C:\Users\M1073102\Documents\Eclipse\hybrid\driver\chromedriver.exe" type="java.lang.IllegalStateException">java.lang.IllegalStateException: The driver executable does not exist: C:\Users\M1073102\Documents\Eclipse\hybrid\driver\chromedriver.exe
</failure>
  </testcase>
  <testcase name="WishListCart" classname="com.compri.testcases.WishList_TC" time="0">
    <skipped message="The driver executable does not exist: C:\Users\M1073102\Documents\Eclipse\hybrid\driver\chromedriver.exe"/>
  </testcase>
  <testcase name="tearDownMethod" classname="com.compri.testcases.WishList_TC" time="0">
    <skipped/>
  </testcase>
  <testcase name="teardown" classname="com.compri.testcases.WishList_TC" time="0">
    <skipped/>
  </testcase>
  <testcase name="setup" classname="com.compri.testcases.ProductSearchVerify_TC" time="0.004">
    <failure message="The driver executable does not exist: C:\Users\M1073102\Documents\Eclipse\hybrid\driver\chromedriver.exe" type="java.lang.IllegalStateException">java.lang.IllegalStateException: The driver executable does not exist: C:\Users\M1073102\Documents\Eclipse\hybrid\driver\chromedriver.exe
</failure>
  </testcase>
  <testcase name="RelevantProductList" classname="com.compri.testcases.ProductSearchVerify_TC" time="0">
    <skipped message="The driver executable does not exist: C:\Users\M1073102\Documents\Eclipse\hybrid\driver\chromedriver.exe"/>
  </testcase>
  <testcase name="tearDownMethod" classname="com.compri.testcases.ProductSearchVerify_TC" time="0">
    <skipped/>
  </testcase>
  <testcase name="teardown" classname="com.compri.testcases.ProductSearchVerify_TC" time="0">
    <skipped/>
  </testcase>
  <testcase name="setup" classname="com.compri.testcases.PostalCode_TC" time="0.004">
    <failure message="The driver executable does not exist: C:\Users\M1073102\Documents\Eclipse\hybrid\driver\chromedriver.exe" type="java.lang.IllegalStateException">java.lang.IllegalStateException: The driver executable does not exist: C:\Users\M1073102\Documents\Eclipse\hybrid\driver\chromedriver.exe
</failure>
  </testcase>
  <testcase name="PinCodeValidation" classname="com.compri.testcases.PostalCode_TC" time="0">
    <skipped message="The driver executable does not exist: C:\Users\M1073102\Documents\Eclipse\hybrid\driver\chromedriver.exe"/>
  </testcase>
  <testcase name="tearDownMethod" classname="com.compri.testcases.PostalCode_TC" time="0">
    <skipped/>
  </testcase>
  <testcase name="tearDownMethod" classname="com.compri.testcases.PostalCode_TC" time="0">
    <skipped/>
  </testcase>
  <testcase name="PinCodeValidationN" classname="com.compri.testcases.PostalCode_TC" time="0">
    <skipped message="The driver executable does not exist: C:\Users\M1073102\Documents\Eclipse\hybrid\driver\chromedriver.exe"/>
  </testcase>
  <testcase name="teardown" classname="com.compri.testcases.PostalCode_TC" time="0">
    <skipped/>
  </testcase>
  <testcase name="setup" classname="com.compri.testcases.SignIn_TC" time="0.005">
    <failure message="The driver executable does not exist: C:\Users\M1073102\Documents\Eclipse\hybrid\driver\chromedriver.exe" type="java.lang.IllegalStateException">java.lang.IllegalStateException: The driver executable does not exist: C:\Users\M1073102\Documents\Eclipse\hybrid\driver\chromedriver.exe
</failure>
  </testcase>
  <testcase name="LoginToStore" classname="com.compri.testcases.SignIn_TC" time="0">
    <skipped message="The driver executable does not exist: C:\Users\M1073102\Documents\Eclipse\hybrid\driver\chromedriver.exe"/>
  </testcase>
  <testcase name="tearDownMethod" classname="com.compri.testcases.SignIn_TC" time="0">
    <skipped/>
  </testcase>
  <testcase name="tearDownMethod" classname="com.compri.testcases.SignIn_TC" time="0">
    <skipped/>
  </testcase>
  <testcase name="tearDownMethod" classname="com.compri.testcases.SignIn_TC" time="0">
    <skipped/>
  </testcase>
  <testcase name="tearDownMethod" classname="com.compri.testcases.SignIn_TC" time="0">
    <skipped/>
  </testcase>
  <testcase name="LoginToStoreN" classname="com.compri.testcases.SignIn_TC" time="0">
    <skipped message="The driver executable does not exist: C:\Users\M1073102\Documents\Eclipse\hybrid\driver\chromedriver.exe"/>
  </testcase>
  <testcase name="LoginToStoreN" classname="com.compri.testcases.SignIn_TC" time="0">
    <skipped message="The driver executable does not exist: C:\Users\M1073102\Documents\Eclipse\hybrid\driver\chromedriver.exe"/>
  </testcase>
  <testcase name="LoginToStoreN" classname="com.compri.testcases.SignIn_TC" time="0">
    <skipped message="The driver executable does not exist: C:\Users\M1073102\Documents\Eclipse\hybrid\driver\chromedriver.exe"/>
  </testcase>
  <testcase name="teardown" classname="com.compri.testcases.SignIn_TC" time="0">
    <skipped/>
  </testcase>
</testsuite>