<?xml version="1.0" encoding="UTF-8"?>
<testng-results ignored="1" total="2" passed="1" failed="0" skipped="0">
  <reporter-output>
  </reporter-output>
  <suite started-at="2021-11-19T19:04:29 IST" name="Default suite" finished-at="2021-11-19T19:04:50 IST" duration-ms="21523">
    <groups>
    </groups>
    <test started-at="2021-11-19T19:04:29 IST" name="Default test" finished-at="2021-11-19T19:04:50 IST" duration-ms="21523">
      <class name="com.compri.testcases.FilterLH_TC">
        <test-method is-config="true" signature="setUpSuite()[pri:0, instance:com.compri.testcases.FilterLH_TC@a8b86fa4]" started-at="2021-11-19T19:04:28 IST" name="setUpSuite" finished-at="2021-11-19T19:04:29 IST" duration-ms="583" status="PASS">
          <reporter-output>
          </reporter-output>
        </test-method> <!-- setUpSuite -->
        <test-method is-config="true" signature="setup()[pri:0, instance:com.compri.testcases.FilterLH_TC@a8b86fa4]" started-at="2021-11-19T19:04:29 IST" name="setup" finished-at="2021-11-19T19:04:38 IST" duration-ms="8729" status="PASS">
          <reporter-output>
          </reporter-output>
        </test-method> <!-- setup -->
        <test-method signature="FilterSortLH()[pri:0, instance:com.compri.testcases.FilterLH_TC@a8b86fa4]" started-at="2021-11-19T19:04:38 IST" name="FilterSortLH" finished-at="2021-11-19T19:04:48 IST" duration-ms="10054" status="PASS">
          <reporter-output>
          </reporter-output>
        </test-method> <!-- FilterSortLH -->
        <test-method is-config="true" signature="tearDownMethod(org.testng.ITestResult)[pri:0, instance:com.compri.testcases.FilterLH_TC@a8b86fa4]" started-at="2021-11-19T19:04:48 IST" name="tearDownMethod" finished-at="2021-11-19T19:04:49 IST" duration-ms="1734" status="PASS">
          <params>
            <param index="0">
              <value>
                <![CDATA[[TestResult name=FilterSortLH status=SUCCESS method=FilterLH_TC.FilterSortLH()[pri:0, instance:com.compri.testcases.FilterLH_TC@a8b86fa4] output={null}]]]>
              </value>
            </param>
          </params>
          <reporter-output>
          </reporter-output>
        </test-method> <!-- tearDownMethod -->
        <test-method is-config="true" signature="teardown()[pri:0, instance:com.compri.testcases.FilterLH_TC@a8b86fa4]" started-at="2021-11-19T19:04:49 IST" name="teardown" finished-at="2021-11-19T19:04:50 IST" duration-ms="951" status="PASS">
          <reporter-output>
          </reporter-output>
        </test-method> <!-- teardown -->
      </class> <!-- com.compri.testcases.FilterLH_TC -->
    </test> <!-- Default test -->
  </suite> <!-- Default suite -->
</testng-results>
