<?xml version="1.0" encoding="UTF-8"?>
<!-- Generated by org.testng.reporters.JUnitXMLReporter -->
<testsuite ignored="4" hostname="MT-31195791H" failures="0" tests="10" name="Test" time="149.898" errors="0" timestamp="2021-11-17T17:02:57 IST">
  <testcase classname="com.compri.testcases.FilterLH_TC" name="FilterSortHL" time="12.644"/>
  <testcase classname="com.compri.testcases.FilterLH_TC" name="FilterSortLH" time="10.443"/>
  <testcase classname="com.compri.testcases.WishList_TC" name="WishListCart" time="29.387"/>
  <testcase classname="com.compri.testcases.ProductSearchVerify_TC" name="RelevantProductList" time="4.087"/>
  <testcase classname="com.compri.testcases.PostalCode_TC" name="PinCodeValidation" time="10.993"/>
  <testcase classname="com.compri.testcases.PostalCode_TC" name="PinCodeValidationN" time="12.97"/>
  <testcase classname="com.compri.testcases.SignIn_TC" name="LoginToStore" time="7.721"/>
  <testcase classname="com.compri.testcases.SignIn_TC" name="LoginToStoreN" time="6.662"/>
  <testcase classname="com.compri.testcases.SignIn_TC" name="LoginToStoreN" time="3.415"/>
  <testcase classname="com.compri.testcases.SignIn_TC" name="LoginToStoreN" time="7.008"/>
  <testcase classname="com.compri.pageobject.BaseClass" name="@BeforeSuite setUpSuite" time="0.0">
    <ignored/>
  </testcase> <!-- @BeforeSuite setUpSuite -->
  <testcase classname="com.compri.pageobject.BaseClass" name="@BeforeSuite setUpSuite" time="0.0">
    <ignored/>
  </testcase> <!-- @BeforeSuite setUpSuite -->
  <testcase classname="com.compri.pageobject.BaseClass" name="@BeforeSuite setUpSuite" time="0.0">
    <ignored/>
  </testcase> <!-- @BeforeSuite setUpSuite -->
  <testcase classname="com.compri.pageobject.BaseClass" name="@BeforeSuite setUpSuite" time="0.0">
    <ignored/>
  </testcase> <!-- @BeforeSuite setUpSuite -->
</testsuite> <!-- Test -->
